2025-06-05 21:56:29,110 - INFO - Found 44 locations in ../../Data
2025-06-05 21:56:29,110 - INFO - Processing 1/44: BANGLADESH - S1B_S3_RAW__0SSV_20190202T115525_20190202T115541_014767_01B8AA_2BFE.zip
2025-06-05 21:56:36,610 - INFO - Successfully extracted ../../Data/BANGLADESH/S1B_S3_RAW__0SSV_20190202T115525_20190202T115541_014767_01B8AA_2BFE.zip to /Data_large/marine/PythonProjects/SAR/sarpyx/extracted_data/BANGLADESH
2025-06-05 21:56:36,611 - INFO - Processing 1/44: BANGLADESH - S1B_S3_RAW__0SSV_20190202T115500_20190202T115533_014767_01B8AA_2AF1.zip
2025-06-05 21:56:52,108 - INFO - Successfully extracted ../../Data/BANGLADESH/S1B_S3_RAW__0SSV_20190202T115500_20190202T115533_014767_01B8AA_2AF1.zip to /Data_large/marine/PythonProjects/SAR/sarpyx/extracted_data/BANGLADESH
2025-06-05 21:56:52,108 - INFO - Processing 1/44: BANGLADESH - S1B_S3_RAW__0SSV_20190121T115525_20190121T115541_014592_01B300_50C4.zip
2025-06-05 21:56:59,581 - INFO - Successfully extracted ../../Data/BANGLADESH/S1B_S3_RAW__0SSV_20190121T115525_20190121T115541_014592_01B300_50C4.zip to /Data_large/marine/PythonProjects/SAR/sarpyx/extracted_data/BANGLADESH
2025-06-05 21:56:59,581 - INFO - Processing 1/44: BANGLADESH - Searched_products.xlsx
2025-06-05 21:56:59,581 - INFO - Finished processing BANGLADESH
2025-06-05 21:56:59,581 - INFO - Processing 2/44: BURLINGTON - S1A_S1_RAW__0SDV_20160825T111231_20160825T111302_012756_01415F_DAB3.zip
2025-06-05 21:57:32,524 - INFO - Successfully extracted ../../Data/BURLINGTON/S1A_S1_RAW__0SDV_20160825T111231_20160825T111302_012756_01415F_DAB3.zip to /Data_large/marine/PythonProjects/SAR/sarpyx/extracted_data/BURLINGTON
2025-06-05 21:57:32,524 - INFO - Processing 2/44: BURLINGTON - S1A_S1_RAW__0SDH_20160823T223540_20160823T223611_012734_0140A2_D81D.zip
2025-06-05 21:58:05,461 - INFO - Successfully extracted ../../Data/BURLINGTON/S1A_S1_RAW__0SDH_20160823T223540_20160823T223611_012734_0140A2_D81D.zip to /Data_large/marine/PythonProjects/SAR/sarpyx/extracted_data/BURLINGTON
2025-06-05 21:58:05,461 - INFO - Processing 2/44: BURLINGTON - S1A_S1_RAW__0SDH_20160823T223515_20160823T223548_012734_0140A2_CBC4.zip
2025-06-05 21:58:51,376 - INFO - Successfully extracted ../../Data/BURLINGTON/S1A_S1_RAW__0SDH_20160823T223515_20160823T223548_012734_0140A2_CBC4.zip to /Data_large/marine/PythonProjects/SAR/sarpyx/extracted_data/BURLINGTON
2025-06-05 21:58:51,377 - INFO - Processing 2/44: BURLINGTON - Searched_products.xlsx
2025-06-05 21:58:51,377 - INFO - Finished processing BURLINGTON
2025-06-05 21:58:51,377 - INFO - Processing 3/44: WESTAUSTRALIA - S1A_S3_RAW__0SSH_20240518T105247_20240518T105313_053924_068E01_8C02.zip
2025-06-05 21:58:59,266 - INFO - Successfully extracted ../../Data/WESTAUSTRALIA/S1A_S3_RAW__0SSH_20240518T105247_20240518T105313_053924_068E01_8C02.zip to /Data_large/marine/PythonProjects/SAR/sarpyx/extracted_data/WESTAUSTRALIA
2025-06-05 21:58:59,266 - INFO - Processing 3/44: WESTAUSTRALIA - S1A_S3_RAW__0SSV_20240506T105247_20240506T105313_053749_0687E8_F8D6.zip
2025-06-05 21:59:07,672 - INFO - Successfully extracted ../../Data/WESTAUSTRALIA/S1A_S3_RAW__0SSV_20240506T105247_20240506T105313_053749_0687E8_F8D6.zip to /Data_large/marine/PythonProjects/SAR/sarpyx/extracted_data/WESTAUSTRALIA
2025-06-05 21:59:07,672 - INFO - Processing 3/44: WESTAUSTRALIA - S1A_S3_RAW__0SSV_20240530T105247_20240530T105313_054099_069415_5911.zip
2025-06-05 21:59:20,584 - INFO - Successfully extracted ../../Data/WESTAUSTRALIA/S1A_S3_RAW__0SSV_20240530T105247_20240530T105313_054099_069415_5911.zip to /Data_large/marine/PythonProjects/SAR/sarpyx/extracted_data/WESTAUSTRALIA
2025-06-05 21:59:20,584 - INFO - Processing 3/44: WESTAUSTRALIA - Searched_products.xlsx
2025-06-05 21:59:20,584 - INFO - Finished processing WESTAUSTRALIA
2025-06-05 21:59:20,584 - INFO - Processing 4/44: THUNDERBAY - S1A_S1_RAW__0SSH_20150519T121742_20150519T121818_005990_007B7D_43A7.zip
2025-06-05 21:59:50,911 - INFO - Successfully extracted ../../Data/THUNDERBAY/S1A_S1_RAW__0SSH_20150519T121742_20150519T121818_005990_007B7D_43A7.zip to /Data_large/marine/PythonProjects/SAR/sarpyx/extracted_data/THUNDERBAY
2025-06-05 21:59:50,911 - INFO - Processing 4/44: THUNDERBAY - S1A_S1_RAW__0SSH_20150519T121717_20150519T121750_005990_007B7D_33A1.zip
2025-06-05 22:00:18,058 - INFO - Successfully extracted ../../Data/THUNDERBAY/S1A_S1_RAW__0SSH_20150519T121717_20150519T121750_005990_007B7D_33A1.zip to /Data_large/marine/PythonProjects/SAR/sarpyx/extracted_data/THUNDERBAY
2025-06-05 22:00:18,058 - INFO - Processing 4/44: THUNDERBAY - S1A_S1_RAW__0SSH_20150519T121652_20150519T121725_005990_007B7D_C063.zip
2025-06-05 22:00:43,892 - INFO - Successfully extracted ../../Data/THUNDERBAY/S1A_S1_RAW__0SSH_20150519T121652_20150519T121725_005990_007B7D_C063.zip to /Data_large/marine/PythonProjects/SAR/sarpyx/extracted_data/THUNDERBAY
2025-06-05 22:00:43,892 - INFO - Processing 4/44: THUNDERBAY - Searched_products.xlsx
2025-06-05 22:00:43,892 - INFO - Finished processing THUNDERBAY
2025-06-05 22:00:43,892 - INFO - Processing 5/44: PORTALFRED - S1A_S4_RAW__0SDV_20150404T165234_20150404T165304_005336_006C36_07CA.zip
2025-06-05 22:01:18,361 - INFO - Successfully extracted ../../Data/PORTALFRED/S1A_S4_RAW__0SDV_20150404T165234_20150404T165304_005336_006C36_07CA.zip to /Data_large/marine/PythonProjects/SAR/sarpyx/extracted_data/PORTALFRED
2025-06-05 22:01:18,361 - INFO - Processing 5/44: PORTALFRED - S1A_S2_RAW__0SDV_20150411T164429_20150411T164455_005438_006ED7_8BAE.zip
2025-06-05 22:01:51,580 - INFO - Successfully extracted ../../Data/PORTALFRED/S1A_S2_RAW__0SDV_20150411T164429_20150411T164455_005438_006ED7_8BAE.zip to /Data_large/marine/PythonProjects/SAR/sarpyx/extracted_data/PORTALFRED
2025-06-05 22:01:51,580 - INFO - Processing 5/44: PORTALFRED - S1A_S4_RAW__0SDV_20141205T165234_20141205T165305_003586_0043C1_5DE4.zip
2025-06-05 22:02:10,677 - INFO - Successfully extracted ../../Data/PORTALFRED/S1A_S4_RAW__0SDV_20141205T165234_20141205T165305_003586_0043C1_5DE4.zip to /Data_large/marine/PythonProjects/SAR/sarpyx/extracted_data/PORTALFRED
2025-06-05 22:02:10,678 - INFO - Processing 5/44: PORTALFRED - Searched_products.xlsx
2025-06-05 22:02:10,678 - INFO - Finished processing PORTALFRED
2025-06-05 22:02:10,678 - INFO - Processing 6/44: NORWAY - S1A_S1_RAW__0SDV_20150407T062909_20150407T062939_005374_006D27_53AA.zip
2025-06-05 22:03:05,010 - INFO - Successfully extracted ../../Data/NORWAY/S1A_S1_RAW__0SDV_20150407T062909_20150407T062939_005374_006D27_53AA.zip to /Data_large/marine/PythonProjects/SAR/sarpyx/extracted_data/NORWAY
2025-06-05 22:03:05,011 - INFO - Processing 6/44: NORWAY - S1A_S1_RAW__0SDV_20150404T171756_20150404T171811_005337_006C3B_91A7.zip
2025-06-05 22:03:28,690 - INFO - Successfully extracted ../../Data/NORWAY/S1A_S1_RAW__0SDV_20150404T171756_20150404T171811_005337_006C3B_91A7.zip to /Data_large/marine/PythonProjects/SAR/sarpyx/extracted_data/NORWAY
2025-06-05 22:03:28,690 - INFO - Processing 6/44: NORWAY - Searched_products.xlsx
2025-06-05 22:03:28,690 - INFO - Processing 6/44: NORWAY - S1A_S1_RAW__0SDV_20150412T063630_20150412T063645_005447_006F12_B95D.zip
2025-06-05 22:03:57,109 - INFO - Successfully extracted ../../Data/NORWAY/S1A_S1_RAW__0SDV_20150412T063630_20150412T063645_005447_006F12_B95D.zip to /Data_large/marine/PythonProjects/SAR/sarpyx/extracted_data/NORWAY
2025-06-05 22:03:57,110 - INFO - Finished processing NORWAY
2025-06-05 22:03:57,110 - INFO - Processing 7/44: BOSTON - S1B_S2_RAW__0SDH_20160926T105559_20160926T105635_002239_003C36_8904.zip
2025-06-05 22:04:43,866 - INFO - Successfully extracted ../../Data/BOSTON/S1B_S2_RAW__0SDH_20160926T105559_20160926T105635_002239_003C36_8904.zip to /Data_large/marine/PythonProjects/SAR/sarpyx/extracted_data/BOSTON
2025-06-05 22:04:43,866 - INFO - Processing 7/44: BOSTON - S1B_S2_RAW__0SDH_20160929T222602_20160929T222623_002290_003DE1_CD52.zip
2025-06-05 22:05:14,501 - INFO - Successfully extracted ../../Data/BOSTON/S1B_S2_RAW__0SDH_20160929T222602_20160929T222623_002290_003DE1_CD52.zip to /Data_large/marine/PythonProjects/SAR/sarpyx/extracted_data/BOSTON
2025-06-05 22:05:14,501 - INFO - Processing 7/44: BOSTON - S1B_S2_RAW__0SDH_20160929T222537_20160929T222610_002290_003DE1_E7A5.zip
2025-06-05 22:06:02,007 - INFO - Successfully extracted ../../Data/BOSTON/S1B_S2_RAW__0SDH_20160929T222537_20160929T222610_002290_003DE1_E7A5.zip to /Data_large/marine/PythonProjects/SAR/sarpyx/extracted_data/BOSTON
2025-06-05 22:06:02,007 - INFO - Processing 7/44: BOSTON - Searched_products.xlsx
2025-06-05 22:06:02,007 - INFO - Finished processing BOSTON
2025-06-05 22:06:02,007 - INFO - Processing 8/44: LAKECONSTANCE - S1B_S1_RAW__0SDH_20170303T054159_20170303T054235_004540_007E87_28F0.zip
2025-06-05 22:07:01,024 - INFO - Successfully extracted ../../Data/LAKECONSTANCE/S1B_S1_RAW__0SDH_20170303T054159_20170303T054235_004540_007E87_28F0.zip to /Data_large/marine/PythonProjects/SAR/sarpyx/extracted_data/LAKECONSTANCE
2025-06-05 22:07:01,024 - INFO - Processing 8/44: LAKECONSTANCE - S1B_S1_RAW__0SDV_20170219T054200_20170219T054235_004365_007966_3367.zip
2025-06-05 22:07:58,363 - INFO - Successfully extracted ../../Data/LAKECONSTANCE/S1B_S1_RAW__0SDV_20170219T054200_20170219T054235_004365_007966_3367.zip to /Data_large/marine/PythonProjects/SAR/sarpyx/extracted_data/LAKECONSTANCE
2025-06-05 22:07:58,363 - INFO - Processing 8/44: LAKECONSTANCE - S1B_S1_RAW__0SDH_20170207T054200_20170207T054235_004190_00741E_CD2E.zip
2025-06-05 22:08:55,464 - INFO - Successfully extracted ../../Data/LAKECONSTANCE/S1B_S1_RAW__0SDH_20170207T054200_20170207T054235_004190_00741E_CD2E.zip to /Data_large/marine/PythonProjects/SAR/sarpyx/extracted_data/LAKECONSTANCE
2025-06-05 22:08:55,464 - INFO - Processing 8/44: LAKECONSTANCE - Searched_products.xlsx
2025-06-05 22:08:55,464 - INFO - Finished processing LAKECONSTANCE
2025-06-05 22:08:55,464 - INFO - Processing 9/44: NORWICH - S1A_S1_RAW__0SDV_20150304T172458_20150304T172534_004885_00616C_3444.zip
2025-06-05 22:10:01,695 - INFO - Successfully extracted ../../Data/NORWICH/S1A_S1_RAW__0SDV_20150304T172458_20150304T172534_004885_00616C_3444.zip to /Data_large/marine/PythonProjects/SAR/sarpyx/extracted_data/NORWICH
2025-06-05 22:10:01,695 - INFO - Processing 9/44: NORWICH - S1A_S1_RAW__0SDV_20150409T172459_20150409T172534_005410_006E1B_AA66.zip
2025-06-05 22:11:02,252 - INFO - Successfully extracted ../../Data/NORWICH/S1A_S1_RAW__0SDV_20150409T172459_20150409T172534_005410_006E1B_AA66.zip to /Data_large/marine/PythonProjects/SAR/sarpyx/extracted_data/NORWICH
2025-06-05 22:11:02,252 - INFO - Processing 9/44: NORWICH - S1A_S1_RAW__0SDV_20150309T062203_20150309T062229_004951_006317_0AF8.zip
2025-06-05 22:11:45,546 - INFO - Successfully extracted ../../Data/NORWICH/S1A_S1_RAW__0SDV_20150309T062203_20150309T062229_004951_006317_0AF8.zip to /Data_large/marine/PythonProjects/SAR/sarpyx/extracted_data/NORWICH
2025-06-05 22:11:45,546 - INFO - Processing 9/44: NORWICH - Searched_products.xlsx
2025-06-05 22:11:45,546 - INFO - Finished processing NORWICH
2025-06-05 22:11:45,546 - INFO - Processing 10/44: PORTLAND - S1A_S1_RAW__0SDV_20150315T015333_20150315T015359_005036_00651B_4B32.zip
2025-06-05 22:12:27,953 - INFO - Successfully extracted ../../Data/PORTLAND/S1A_S1_RAW__0SDV_20150315T015333_20150315T015359_005036_00651B_4B32.zip to /Data_large/marine/PythonProjects/SAR/sarpyx/extracted_data/PORTLAND
2025-06-05 22:12:27,953 - INFO - Processing 10/44: PORTLAND - S1A_S2_RAW__0SDV_20150426T143825_20150426T143857_005656_00740F_0293.zip
2025-06-05 22:13:10,349 - INFO - Successfully extracted ../../Data/PORTLAND/S1A_S2_RAW__0SDV_20150426T143825_20150426T143857_005656_00740F_0293.zip to /Data_large/marine/PythonProjects/SAR/sarpyx/extracted_data/PORTLAND
2025-06-05 22:13:10,350 - INFO - Processing 10/44: PORTLAND - S1A_S2_RAW__0SDV_20150426T143850_20150426T143922_005656_00740F_908C.zip
2025-06-05 22:13:56,027 - INFO - Successfully extracted ../../Data/PORTLAND/S1A_S2_RAW__0SDV_20150426T143850_20150426T143922_005656_00740F_908C.zip to /Data_large/marine/PythonProjects/SAR/sarpyx/extracted_data/PORTLAND
2025-06-05 22:13:56,027 - INFO - Processing 10/44: PORTLAND - Searched_products.xlsx
2025-06-05 22:13:56,027 - INFO - Finished processing PORTLAND
2025-06-05 22:13:56,027 - INFO - Processing 11/44: BISCAY - S1A_S1_RAW__0SDV_20150307T064056_20150307T064112_004922_00625D_363A.zip
2025-06-05 22:14:22,275 - INFO - Successfully extracted ../../Data/BISCAY/S1A_S1_RAW__0SDV_20150307T064056_20150307T064112_004922_00625D_363A.zip to /Data_large/marine/PythonProjects/SAR/sarpyx/extracted_data/BISCAY
2025-06-05 22:14:22,275 - INFO - Processing 11/44: BISCAY - S1A_S1_RAW__0SDV_20150412T064057_20150412T064112_005447_006F18_992D.zip
2025-06-05 22:14:48,527 - INFO - Successfully extracted ../../Data/BISCAY/S1A_S1_RAW__0SDV_20150412T064057_20150412T064112_005447_006F18_992D.zip to /Data_large/marine/PythonProjects/SAR/sarpyx/extracted_data/BISCAY
2025-06-05 22:14:48,527 - INFO - Processing 11/44: BISCAY - S1A_S1_RAW__0SVV_20150307T064056_20150307T064112_004922_00625D_16E5.zip
2025-06-05 22:15:00,752 - INFO - Successfully extracted ../../Data/BISCAY/S1A_S1_RAW__0SVV_20150307T064056_20150307T064112_004922_00625D_16E5.zip to /Data_large/marine/PythonProjects/SAR/sarpyx/extracted_data/BISCAY
2025-06-05 22:15:00,753 - INFO - Processing 11/44: BISCAY - Searched_products.xlsx
2025-06-05 22:15:00,753 - INFO - Finished processing BISCAY
2025-06-05 22:15:00,753 - INFO - Processing 12/44: PANAMA - S1A_S3_RAW__0SSV_20221107T105859_20221107T105915_045787_057A15_B568.zip
2025-06-05 22:15:05,992 - INFO - Successfully extracted ../../Data/PANAMA/S1A_S3_RAW__0SSV_20221107T105859_20221107T105915_045787_057A15_B568.zip to /Data_large/marine/PythonProjects/SAR/sarpyx/extracted_data/PANAMA
2025-06-05 22:15:05,992 - INFO - Processing 12/44: PANAMA - S1A_S3_RAW__0SSV_20221119T105859_20221119T105915_045962_057FF8_A4F1.zip
2025-06-05 22:15:11,081 - INFO - Successfully extracted ../../Data/PANAMA/S1A_S3_RAW__0SSV_20221119T105859_20221119T105915_045962_057FF8_A4F1.zip to /Data_large/marine/PythonProjects/SAR/sarpyx/extracted_data/PANAMA
2025-06-05 22:15:11,081 - INFO - Processing 12/44: PANAMA - Searched_products.xlsx
2025-06-05 22:15:11,081 - INFO - Processing 12/44: PANAMA - S1A_S3_RAW__0SSV_20221026T105900_20221026T105915_045612_057428_CD98.zip
2025-06-05 22:15:15,347 - INFO - Successfully extracted ../../Data/PANAMA/S1A_S3_RAW__0SSV_20221026T105900_20221026T105915_045612_057428_CD98.zip to /Data_large/marine/PythonProjects/SAR/sarpyx/extracted_data/PANAMA
2025-06-05 22:15:15,347 - INFO - Finished processing PANAMA
2025-06-05 22:15:15,348 - INFO - Processing 13/44: ROTTERDAM - S1A_S1_RAW__0SDH_20160609T060632_20160609T060653_011630_011C9B_53CC.zip
2025-06-05 22:15:47,201 - INFO - Successfully extracted ../../Data/ROTTERDAM/S1A_S1_RAW__0SDH_20160609T060632_20160609T060653_011630_011C9B_53CC.zip to /Data_large/marine/PythonProjects/SAR/sarpyx/extracted_data/ROTTERDAM
2025-06-05 22:15:47,201 - INFO - Processing 13/44: ROTTERDAM - S1A_S2_RAW__0SDV_20160727T060627_20160727T060648_012330_01331F_96BB.zip
2025-06-05 22:16:13,719 - INFO - Successfully extracted ../../Data/ROTTERDAM/S1A_S2_RAW__0SDV_20160727T060627_20160727T060648_012330_01331F_96BB.zip to /Data_large/marine/PythonProjects/SAR/sarpyx/extracted_data/ROTTERDAM
2025-06-05 22:16:13,719 - INFO - Processing 13/44: ROTTERDAM - S1A_S1_RAW__0SDH_20160609T060607_20160609T060640_011630_011C9B_CAE2.zip
2025-06-05 22:17:05,796 - INFO - Successfully extracted ../../Data/ROTTERDAM/S1A_S1_RAW__0SDH_20160609T060607_20160609T060640_011630_011C9B_CAE2.zip to /Data_large/marine/PythonProjects/SAR/sarpyx/extracted_data/ROTTERDAM
2025-06-05 22:17:05,796 - INFO - Processing 13/44: ROTTERDAM - Searched_products.xlsx
2025-06-05 22:17:05,796 - INFO - Finished processing ROTTERDAM
2025-06-05 22:17:05,796 - INFO - Processing 14/44: ENGLISHCHANNEL - S1A_S2_RAW__0SDV_20141215T062238_20141215T062303_003726_0046ED_62C1.zip
2025-06-05 22:17:40,004 - INFO - Successfully extracted ../../Data/ENGLISHCHANNEL/S1A_S2_RAW__0SDV_20141215T062238_20141215T062303_003726_0046ED_62C1.zip to /Data_large/marine/PythonProjects/SAR/sarpyx/extracted_data/ENGLISHCHANNEL
2025-06-05 22:17:40,004 - INFO - Processing 14/44: ENGLISHCHANNEL - S1A_S3_RAW__0SDH_20160823T174042_20160823T174107_012731_014081_4AAC.zip
2025-06-05 22:18:17,944 - INFO - Successfully extracted ../../Data/ENGLISHCHANNEL/S1A_S3_RAW__0SDH_20160823T174042_20160823T174107_012731_014081_4AAC.zip to /Data_large/marine/PythonProjects/SAR/sarpyx/extracted_data/ENGLISHCHANNEL
2025-06-05 22:18:17,944 - INFO - Processing 14/44: ENGLISHCHANNEL - S1A_S3_RAW__0SDH_20160706T174049_20160706T174114_012031_012964_87A2.zip
2025-06-05 22:18:56,836 - INFO - Successfully extracted ../../Data/ENGLISHCHANNEL/S1A_S3_RAW__0SDH_20160706T174049_20160706T174114_012031_012964_87A2.zip to /Data_large/marine/PythonProjects/SAR/sarpyx/extracted_data/ENGLISHCHANNEL
2025-06-05 22:18:56,836 - INFO - Processing 14/44: ENGLISHCHANNEL - Searched_products.xlsx
2025-06-05 22:18:56,836 - INFO - Finished processing ENGLISHCHANNEL
2025-06-05 22:18:56,837 - INFO - Processing 15/44: ADEN - S1A_S3_RAW__0SDV_20190316T024309_20190316T024334_026357_02F2AF_A834.zip
2025-06-05 22:19:31,464 - INFO - Successfully extracted ../../Data/ADEN/S1A_S3_RAW__0SDV_20190316T024309_20190316T024334_026357_02F2AF_A834.zip to /Data_large/marine/PythonProjects/SAR/sarpyx/extracted_data/ADEN
2025-06-05 22:19:31,464 - INFO - Processing 15/44: ADEN - S1A_S3_RAW__0SDV_20190316T024244_20190316T024316_026357_02F2AF_730F.zip
2025-06-05 22:20:16,361 - INFO - Successfully extracted ../../Data/ADEN/S1A_S3_RAW__0SDV_20190316T024244_20190316T024316_026357_02F2AF_730F.zip to /Data_large/marine/PythonProjects/SAR/sarpyx/extracted_data/ADEN
2025-06-05 22:20:16,361 - INFO - Processing 15/44: ADEN - Searched_products.xlsx
2025-06-05 22:20:16,361 - INFO - Finished processing ADEN
2025-06-05 22:20:16,361 - INFO - Processing 16/44: HONOLOLU - S1B_S1_RAW__0SDH_20161111T040435_20161111T040506_002906_004EE7_A6F9.zip
2025-06-05 22:21:11,078 - INFO - Successfully extracted ../../Data/HONOLOLU/S1B_S1_RAW__0SDH_20161111T040435_20161111T040506_002906_004EE7_A6F9.zip to /Data_large/marine/PythonProjects/SAR/sarpyx/extracted_data/HONOLOLU
2025-06-05 22:21:11,079 - INFO - Processing 16/44: HONOLOLU - S1B_S1_RAW__0SDV_20161030T040436_20161030T040506_002731_0049FB_B718.zip
2025-06-05 22:22:01,074 - INFO - Successfully extracted ../../Data/HONOLOLU/S1B_S1_RAW__0SDV_20161030T040436_20161030T040506_002731_0049FB_B718.zip to /Data_large/marine/PythonProjects/SAR/sarpyx/extracted_data/HONOLOLU
2025-06-05 22:22:01,074 - INFO - Processing 16/44: HONOLOLU - S1B_S1_RAW__0SDH_20161107T164811_20161107T164836_002855_004D63_A7ED.zip
2025-06-05 22:22:46,311 - INFO - Successfully extracted ../../Data/HONOLOLU/S1B_S1_RAW__0SDH_20161107T164811_20161107T164836_002855_004D63_A7ED.zip to /Data_large/marine/PythonProjects/SAR/sarpyx/extracted_data/HONOLOLU
2025-06-05 22:22:46,312 - INFO - Processing 16/44: HONOLOLU - Searched_products.xlsx
2025-06-05 22:22:46,312 - INFO - Finished processing HONOLOLU
2025-06-05 22:22:46,312 - INFO - Processing 17/44: HOUSTON - S1A_S1_RAW__0SDV_20240524T123135_20240524T123200_054013_069103_1FAD.zip
2025-06-05 22:23:03,244 - INFO - Successfully extracted ../../Data/HOUSTON/S1A_S1_RAW__0SDV_20240524T123135_20240524T123200_054013_069103_1FAD.zip to /Data_large/marine/PythonProjects/SAR/sarpyx/extracted_data/HOUSTON
2025-06-05 22:23:03,244 - INFO - Processing 17/44: HOUSTON - S1A_S1_RAW__0SDV_20240512T123135_20240512T123200_053838_068B02_5ED4.zip
2025-06-05 22:23:20,959 - INFO - Successfully extracted ../../Data/HOUSTON/S1A_S1_RAW__0SDV_20240512T123135_20240512T123200_053838_068B02_5ED4.zip to /Data_large/marine/PythonProjects/SAR/sarpyx/extracted_data/HOUSTON
2025-06-05 22:23:20,959 - INFO - Processing 17/44: HOUSTON - S1A_S1_RAW__0SDV_20240430T123135_20240430T123200_053663_06846A_EC68.zip
2025-06-05 22:23:41,155 - INFO - Successfully extracted ../../Data/HOUSTON/S1A_S1_RAW__0SDV_20240430T123135_20240430T123200_053663_06846A_EC68.zip to /Data_large/marine/PythonProjects/SAR/sarpyx/extracted_data/HOUSTON
2025-06-05 22:23:41,156 - INFO - Processing 17/44: HOUSTON - Searched_products.xlsx
2025-06-05 22:23:41,156 - INFO - Finished processing HOUSTON
2025-06-05 22:23:41,156 - INFO - Processing 18/44: DURBAN - S1A_S1_RAW__0SDV_20141214T162845_20141214T162910_003717_0046B3_E233.zip
2025-06-05 22:24:23,570 - INFO - Successfully extracted ../../Data/DURBAN/S1A_S1_RAW__0SDV_20141214T162845_20141214T162910_003717_0046B3_E233.zip to /Data_large/marine/PythonProjects/SAR/sarpyx/extracted_data/DURBAN
2025-06-05 22:24:23,570 - INFO - Processing 18/44: DURBAN - S1A_S1_RAW__0SDV_20150413T162845_20150413T162911_005467_006FA0_1C1D.zip
2025-06-05 22:25:06,829 - INFO - Successfully extracted ../../Data/DURBAN/S1A_S1_RAW__0SDV_20150413T162845_20150413T162911_005467_006FA0_1C1D.zip to /Data_large/marine/PythonProjects/SAR/sarpyx/extracted_data/DURBAN
2025-06-05 22:25:06,829 - INFO - Processing 18/44: DURBAN - S1A_S1_RAW__0SDV_20150406T163633_20150406T163658_005365_006CEE_717C.zip
2025-06-05 22:25:49,593 - INFO - Successfully extracted ../../Data/DURBAN/S1A_S1_RAW__0SDV_20150406T163633_20150406T163658_005365_006CEE_717C.zip to /Data_large/marine/PythonProjects/SAR/sarpyx/extracted_data/DURBAN
2025-06-05 22:25:49,594 - INFO - Processing 18/44: DURBAN - Searched_products.xlsx
2025-06-05 22:25:49,594 - INFO - Finished processing DURBAN
2025-06-05 22:25:49,594 - INFO - Processing 19/44: TAIWAN - S1A_S3_RAW__0SDV_20160522T094430_20160522T094451_011370_011459_7607.zip
2025-06-05 22:26:20,540 - INFO - Successfully extracted ../../Data/TAIWAN/S1A_S3_RAW__0SDV_20160522T094430_20160522T094451_011370_011459_7607.zip to /Data_large/marine/PythonProjects/SAR/sarpyx/extracted_data/TAIWAN
2025-06-05 22:26:20,540 - INFO - Processing 19/44: TAIWAN - S1A_S2_RAW__0SDV_20160517T093624_20160517T093645_011297_0111E4_C370.zip
2025-06-05 22:26:48,250 - INFO - Successfully extracted ../../Data/TAIWAN/S1A_S2_RAW__0SDV_20160517T093624_20160517T093645_011297_0111E4_C370.zip to /Data_large/marine/PythonProjects/SAR/sarpyx/extracted_data/TAIWAN
2025-06-05 22:26:48,250 - INFO - Processing 19/44: TAIWAN - S1A_S2_RAW__0SDV_20151201T093623_20151201T093644_008847_00CA28_5530.zip
2025-06-05 22:27:15,748 - INFO - Successfully extracted ../../Data/TAIWAN/S1A_S2_RAW__0SDV_20151201T093623_20151201T093644_008847_00CA28_5530.zip to /Data_large/marine/PythonProjects/SAR/sarpyx/extracted_data/TAIWAN
2025-06-05 22:27:15,748 - INFO - Processing 19/44: TAIWAN - Searched_products.xlsx
2025-06-05 22:27:15,748 - INFO - Finished processing TAIWAN
2025-06-05 22:27:15,749 - INFO - Processing 20/44: BRITISHCOLUMBIA - S1A_S1_RAW__0SDV_20150305T150923_20150305T150956_004898_0061B5_4140.zip
2025-06-05 22:28:09,740 - INFO - Successfully extracted ../../Data/BRITISHCOLUMBIA/S1A_S1_RAW__0SDV_20150305T150923_20150305T150956_004898_0061B5_4140.zip to /Data_large/marine/PythonProjects/SAR/sarpyx/extracted_data/BRITISHCOLUMBIA
2025-06-05 22:28:09,740 - INFO - Processing 20/44: BRITISHCOLUMBIA - S1A_S1_RAW__0SDV_20150310T151720_20150310T151753_004971_00638C_9DB0.zip
2025-06-05 22:29:01,130 - INFO - Successfully extracted ../../Data/BRITISHCOLUMBIA/S1A_S1_RAW__0SDV_20150310T151720_20150310T151753_004971_00638C_9DB0.zip to /Data_large/marine/PythonProjects/SAR/sarpyx/extracted_data/BRITISHCOLUMBIA
2025-06-05 22:29:01,130 - INFO - Processing 20/44: BRITISHCOLUMBIA - S1A_S1_RAW__0SDV_20150322T151720_20150322T151753_005146_0067CB_D676.zip
2025-06-05 22:29:49,738 - INFO - Successfully extracted ../../Data/BRITISHCOLUMBIA/S1A_S1_RAW__0SDV_20150322T151720_20150322T151753_005146_0067CB_D676.zip to /Data_large/marine/PythonProjects/SAR/sarpyx/extracted_data/BRITISHCOLUMBIA
2025-06-05 22:29:49,739 - INFO - Processing 20/44: BRITISHCOLUMBIA - Searched_products.xlsx
2025-06-05 22:29:49,739 - INFO - Finished processing BRITISHCOLUMBIA
2025-06-05 22:29:49,739 - INFO - Processing 21/44: NORTHENGLAND - S1A_S1_RAW__0SDV_20150415T070119_20150415T070134_005491_00702B_D031.zip
2025-06-05 22:30:13,965 - INFO - Successfully extracted ../../Data/NORTHENGLAND/S1A_S1_RAW__0SDV_20150415T070119_20150415T070134_005491_00702B_D031.zip to /Data_large/marine/PythonProjects/SAR/sarpyx/extracted_data/NORTHENGLAND
2025-06-05 22:30:13,965 - INFO - Processing 21/44: NORTHENGLAND - S1A_S1_RAW__0SDV_20150310T070118_20150310T070134_004966_006375_DA32.zip
2025-06-05 22:30:37,169 - INFO - Successfully extracted ../../Data/NORTHENGLAND/S1A_S1_RAW__0SDV_20150310T070118_20150310T070134_004966_006375_DA32.zip to /Data_large/marine/PythonProjects/SAR/sarpyx/extracted_data/NORTHENGLAND
2025-06-05 22:30:37,170 - INFO - Processing 21/44: NORTHENGLAND - S1A_S1_RAW__0SDV_20150302T174333_20150302T174349_004856_0060C7_1B45.zip
2025-06-05 22:31:04,663 - INFO - Successfully extracted ../../Data/NORTHENGLAND/S1A_S1_RAW__0SDV_20150302T174333_20150302T174349_004856_0060C7_1B45.zip to /Data_large/marine/PythonProjects/SAR/sarpyx/extracted_data/NORTHENGLAND
2025-06-05 22:31:04,663 - INFO - Processing 21/44: NORTHENGLAND - Searched_products.xlsx
2025-06-05 22:31:04,663 - INFO - Finished processing NORTHENGLAND
2025-06-05 22:31:04,663 - INFO - Processing 22/44: VANUATU - S1A_S1_RAW__0SDV_20150323T070414_20150323T070447_005155_0067FC_18FD.zip
2025-06-05 22:31:58,074 - INFO - Successfully extracted ../../Data/VANUATU/S1A_S1_RAW__0SDV_20150323T070414_20150323T070447_005155_0067FC_18FD.zip to /Data_large/marine/PythonProjects/SAR/sarpyx/extracted_data/VANUATU
2025-06-05 22:31:58,074 - INFO - Processing 22/44: VANUATU - S1A_S1_RAW__0SDV_20150323T070439_20150323T070512_005155_0067FC_B824.zip
2025-06-05 22:32:49,619 - INFO - Successfully extracted ../../Data/VANUATU/S1A_S1_RAW__0SDV_20150323T070439_20150323T070512_005155_0067FC_B824.zip to /Data_large/marine/PythonProjects/SAR/sarpyx/extracted_data/VANUATU
2025-06-05 22:32:49,619 - INFO - Processing 22/44: VANUATU - S1A_S1_RAW__0SDV_20150323T070504_20150323T070525_005155_0067FC_C609.zip
2025-06-05 22:33:21,647 - INFO - Successfully extracted ../../Data/VANUATU/S1A_S1_RAW__0SDV_20150323T070504_20150323T070525_005155_0067FC_C609.zip to /Data_large/marine/PythonProjects/SAR/sarpyx/extracted_data/VANUATU
2025-06-05 22:33:21,647 - INFO - Processing 22/44: VANUATU - Searched_products.xlsx
2025-06-05 22:33:21,647 - INFO - Finished processing VANUATU
2025-06-05 22:33:21,647 - INFO - Processing 23/44: GUYANA - S1A_S3_RAW__0SSV_20200921T220925_20200921T220950_034463_04027E_8B59.zip
2025-06-05 22:33:39,316 - INFO - Successfully extracted ../../Data/GUYANA/S1A_S3_RAW__0SSV_20200921T220925_20200921T220950_034463_04027E_8B59.zip to /Data_large/marine/PythonProjects/SAR/sarpyx/extracted_data/GUYANA
2025-06-05 22:33:39,316 - INFO - Processing 23/44: GUYANA - S1A_S3_RAW__0SSV_20200909T220924_20200909T220950_034288_03FC3B_1CAD.zip
2025-06-05 22:33:56,643 - INFO - Successfully extracted ../../Data/GUYANA/S1A_S3_RAW__0SSV_20200909T220924_20200909T220950_034288_03FC3B_1CAD.zip to /Data_large/marine/PythonProjects/SAR/sarpyx/extracted_data/GUYANA
2025-06-05 22:33:56,643 - INFO - Processing 23/44: GUYANA - S1B_S3_RAW__0SSV_20200920T095205_20200920T095231_023457_02C8EC_1069.zip
2025-06-05 22:34:13,313 - INFO - Successfully extracted ../../Data/GUYANA/S1B_S3_RAW__0SSV_20200920T095205_20200920T095231_023457_02C8EC_1069.zip to /Data_large/marine/PythonProjects/SAR/sarpyx/extracted_data/GUYANA
2025-06-05 22:34:13,313 - INFO - Processing 23/44: GUYANA - Searched_products.xlsx
2025-06-05 22:34:13,313 - INFO - Finished processing GUYANA
2025-06-05 22:34:13,313 - INFO - Processing 24/44: CLAYTON - S1A_S1_RAW__0SDV_20160723T224334_20160723T224406_012282_01318D_543A.zip
2025-06-05 22:34:59,725 - INFO - Successfully extracted ../../Data/CLAYTON/S1A_S1_RAW__0SDV_20160723T224334_20160723T224406_012282_01318D_543A.zip to /Data_large/marine/PythonProjects/SAR/sarpyx/extracted_data/CLAYTON
2025-06-05 22:34:59,725 - INFO - Processing 24/44: CLAYTON - S1A_S3_RAW__0SDV_20150405T225146_20150405T225217_005355_006CB2_0885.zip
2025-06-05 22:35:41,263 - INFO - Successfully extracted ../../Data/CLAYTON/S1A_S3_RAW__0SDV_20150405T225146_20150405T225217_005355_006CB2_0885.zip to /Data_large/marine/PythonProjects/SAR/sarpyx/extracted_data/CLAYTON
2025-06-05 22:35:41,263 - INFO - Processing 24/44: CLAYTON - S1A_S1_RAW__0SDV_20160723T224359_20160723T224429_012282_01318D_1ABA.zip
2025-06-05 22:36:24,424 - INFO - Successfully extracted ../../Data/CLAYTON/S1A_S1_RAW__0SDV_20160723T224359_20160723T224429_012282_01318D_1ABA.zip to /Data_large/marine/PythonProjects/SAR/sarpyx/extracted_data/CLAYTON
2025-06-05 22:36:24,424 - INFO - Processing 24/44: CLAYTON - Searched_products.xlsx
2025-06-05 22:36:24,425 - INFO - Finished processing CLAYTON
2025-06-05 22:36:24,425 - INFO - Processing 25/44: BREST - S1A_S1_RAW__0SDV_20150324T064749_20150324T064805_005170_006853_6876.zip
2025-06-05 22:36:48,976 - INFO - Successfully extracted ../../Data/BREST/S1A_S1_RAW__0SDV_20150324T064749_20150324T064805_005170_006853_6876.zip to /Data_large/marine/PythonProjects/SAR/sarpyx/extracted_data/BREST
2025-06-05 22:36:48,976 - INFO - Processing 25/44: BREST - S1A_S1_RAW__0SDV_20150405T064819_20150405T064839_005345_006C77_8F92.zip
2025-06-05 22:37:24,465 - INFO - Successfully extracted ../../Data/BREST/S1A_S1_RAW__0SDV_20150405T064819_20150405T064839_005345_006C77_8F92.zip to /Data_large/marine/PythonProjects/SAR/sarpyx/extracted_data/BREST
2025-06-05 22:37:24,465 - INFO - Processing 25/44: BREST - S1A_S1_RAW__0SDV_20150417T064750_20150417T064806_005520_0070DD_662B.zip
2025-06-05 22:37:49,291 - INFO - Successfully extracted ../../Data/BREST/S1A_S1_RAW__0SDV_20150417T064750_20150417T064806_005520_0070DD_662B.zip to /Data_large/marine/PythonProjects/SAR/sarpyx/extracted_data/BREST
2025-06-05 22:37:49,291 - INFO - Processing 25/44: BREST - Searched_products.xlsx
2025-06-05 22:37:49,291 - INFO - Finished processing BREST
2025-06-05 22:37:49,291 - INFO - Processing 26/44: ALMERIA - S1A_S3_RAW__0SDV_20141211T180111_20141211T180143_003675_0045B0_8BAA.zip
2025-06-05 22:38:35,027 - INFO - Successfully extracted ../../Data/ALMERIA/S1A_S3_RAW__0SDV_20141211T180111_20141211T180143_003675_0045B0_8BAA.zip to /Data_large/marine/PythonProjects/SAR/sarpyx/extracted_data/ALMERIA
2025-06-05 22:38:35,028 - INFO - Processing 26/44: ALMERIA - S1A_S3_RAW__0SDV_20141211T180136_20141211T180151_003675_0045B0_7407.zip
2025-06-05 22:38:56,734 - INFO - Successfully extracted ../../Data/ALMERIA/S1A_S3_RAW__0SDV_20141211T180136_20141211T180151_003675_0045B0_7407.zip to /Data_large/marine/PythonProjects/SAR/sarpyx/extracted_data/ALMERIA
2025-06-05 22:38:56,734 - INFO - Processing 26/44: ALMERIA - Searched_products.xlsx
2025-06-05 22:38:56,734 - INFO - Finished processing ALMERIA
2025-06-05 22:38:56,734 - INFO - Processing 27/44: SOUTHPOLE - S1A_S1_RAW__0SSH_20160720T000843_20160720T000904_012224_012FB6_C68D.zip
2025-06-05 22:39:12,777 - INFO - Successfully extracted ../../Data/SOUTHPOLE/S1A_S1_RAW__0SSH_20160720T000843_20160720T000904_012224_012FB6_C68D.zip to /Data_large/marine/PythonProjects/SAR/sarpyx/extracted_data/SOUTHPOLE
2025-06-05 22:39:12,777 - INFO - Processing 27/44: SOUTHPOLE - S1A_S3_RAW__0SSH_20240510T000116_20240510T000127_053801_0689C2_0991.zip
2025-06-05 22:39:16,297 - INFO - Successfully extracted ../../Data/SOUTHPOLE/S1A_S3_RAW__0SSH_20240510T000116_20240510T000127_053801_0689C2_0991.zip to /Data_large/marine/PythonProjects/SAR/sarpyx/extracted_data/SOUTHPOLE
2025-06-05 22:39:16,297 - INFO - Processing 27/44: SOUTHPOLE - S1A_S3_RAW__0SSH_20240522T000115_20240522T000136_053976_068FC4_768A.zip
2025-06-05 22:39:22,263 - INFO - Successfully extracted ../../Data/SOUTHPOLE/S1A_S3_RAW__0SSH_20240522T000115_20240522T000136_053976_068FC4_768A.zip to /Data_large/marine/PythonProjects/SAR/sarpyx/extracted_data/SOUTHPOLE
2025-06-05 22:39:22,263 - INFO - Processing 27/44: SOUTHPOLE - Searched_products.xlsx
2025-06-05 22:39:22,263 - INFO - Finished processing SOUTHPOLE
2025-06-05 22:39:22,263 - INFO - Processing 28/44: ICELAND - S1A_S1_RAW__0SDV_20150408T182452_20150408T182525_005396_006DBC_784F.zip
2025-06-05 22:40:15,010 - INFO - Successfully extracted ../../Data/ICELAND/S1A_S1_RAW__0SDV_20150408T182452_20150408T182525_005396_006DBC_784F.zip to /Data_large/marine/PythonProjects/SAR/sarpyx/extracted_data/ICELAND
2025-06-05 22:40:15,010 - INFO - Processing 28/44: ICELAND - S1A_S1_RAW__0SDV_20150408T182517_20150408T182553_005396_006DBC_0657.zip
2025-06-05 22:41:10,970 - INFO - Successfully extracted ../../Data/ICELAND/S1A_S1_RAW__0SDV_20150408T182517_20150408T182553_005396_006DBC_0657.zip to /Data_large/marine/PythonProjects/SAR/sarpyx/extracted_data/ICELAND
2025-06-05 22:41:10,970 - INFO - Processing 28/44: ICELAND - S1A_S1_RAW__0SDV_20150303T182517_20150303T182553_004871_00611C_4FCF.zip
2025-06-05 22:42:12,367 - INFO - Successfully extracted ../../Data/ICELAND/S1A_S1_RAW__0SDV_20150303T182517_20150303T182553_004871_00611C_4FCF.zip to /Data_large/marine/PythonProjects/SAR/sarpyx/extracted_data/ICELAND
2025-06-05 22:42:12,367 - INFO - Processing 28/44: ICELAND - Searched_products.xlsx
2025-06-05 22:42:12,367 - INFO - Finished processing ICELAND
2025-06-05 22:42:12,367 - INFO - Processing 29/44: PARAISO - S1A_S6_RAW__0SDV_20201028T120130_20201028T120202_034996_04150C_8E38.zip
2025-06-05 22:42:49,428 - INFO - Successfully extracted ../../Data/PARAISO/S1A_S6_RAW__0SDV_20201028T120130_20201028T120202_034996_04150C_8E38.zip to /Data_large/marine/PythonProjects/SAR/sarpyx/extracted_data/PARAISO
2025-06-05 22:42:49,428 - INFO - Processing 29/44: PARAISO - Searched_products.xlsx
2025-06-05 22:42:49,428 - INFO - Finished processing PARAISO
2025-06-05 22:42:49,428 - INFO - Processing 30/44: SEATTLE - S1A_S1_RAW__0SDV_20150315T015333_20150315T015359_005036_00651B_4B32.zip
2025-06-05 22:43:29,692 - INFO - Successfully extracted ../../Data/SEATTLE/S1A_S1_RAW__0SDV_20150315T015333_20150315T015359_005036_00651B_4B32.zip to /Data_large/marine/PythonProjects/SAR/sarpyx/extracted_data/SEATTLE
2025-06-05 22:43:29,692 - INFO - Processing 30/44: SEATTLE - S1A_S2_RAW__0SDV_20150426T143735_20150426T143807_005656_00740F_3877.zip
2025-06-05 22:44:11,579 - INFO - Successfully extracted ../../Data/SEATTLE/S1A_S2_RAW__0SDV_20150426T143735_20150426T143807_005656_00740F_3877.zip to /Data_large/marine/PythonProjects/SAR/sarpyx/extracted_data/SEATTLE
2025-06-05 22:44:11,579 - INFO - Processing 30/44: SEATTLE - Searched_products.xlsx
2025-06-05 22:44:11,579 - INFO - Processing 30/44: SEATTLE - S1A_S2_RAW__0SDV_20150425T020145_20150425T020218_005634_007384_E99F.zip
2025-06-05 22:44:54,334 - INFO - Successfully extracted ../../Data/SEATTLE/S1A_S2_RAW__0SDV_20150425T020145_20150425T020218_005634_007384_E99F.zip to /Data_large/marine/PythonProjects/SAR/sarpyx/extracted_data/SEATTLE
2025-06-05 22:44:54,334 - INFO - Finished processing SEATTLE
2025-06-05 22:44:54,349 - INFO - Processing 31/44: MELILLA - S1A_S5_RAW__0SDV_20141205T061036_20141205T061109_003580_0043A3_AA72.zip
2025-06-05 22:45:17,097 - INFO - Successfully extracted ../../Data/MELILLA/S1A_S5_RAW__0SDV_20141205T061036_20141205T061109_003580_0043A3_AA72.zip to /Data_large/marine/PythonProjects/SAR/sarpyx/extracted_data/MELILLA
2025-06-05 22:45:17,097 - INFO - Processing 31/44: MELILLA - Searched_products.xlsx
2025-06-05 22:45:17,097 - INFO - Processing 31/44: MELILLA - S1A_S3_RAW__0SDV_20141210T061843_20141210T061919_003653_004543_5D55.zip
2025-06-05 22:45:45,673 - INFO - Successfully extracted ../../Data/MELILLA/S1A_S3_RAW__0SDV_20141210T061843_20141210T061919_003653_004543_5D55.zip to /Data_large/marine/PythonProjects/SAR/sarpyx/extracted_data/MELILLA
2025-06-05 22:45:45,673 - INFO - Finished processing MELILLA
2025-06-05 22:45:45,673 - INFO - Processing 32/44: ALGERIA - S1A_S3_RAW__0SDV_20141211T180111_20141211T180143_003675_0045B0_8BAA.zip
2025-06-05 22:46:33,551 - INFO - Successfully extracted ../../Data/ALGERIA/S1A_S3_RAW__0SDV_20141211T180111_20141211T180143_003675_0045B0_8BAA.zip to /Data_large/marine/PythonProjects/SAR/sarpyx/extracted_data/ALGERIA
2025-06-05 22:46:33,551 - INFO - Processing 32/44: ALGERIA - Searched_products.xlsx
2025-06-05 22:46:33,552 - INFO - Finished processing ALGERIA
2025-06-05 22:46:33,552 - INFO - Processing 33/44: SANPAOLO - S1A_S3_RAW__0SDH_20240512T213606_20240512T213631_053843_068B38_2EB8.zip
2025-06-05 22:46:50,526 - INFO - Successfully extracted ../../Data/SANPAOLO/S1A_S3_RAW__0SDH_20240512T213606_20240512T213631_053843_068B38_2EB8.zip to /Data_large/marine/PythonProjects/SAR/sarpyx/extracted_data/SANPAOLO
2025-06-05 22:46:50,527 - INFO - Processing 33/44: SANPAOLO - S1A_S3_RAW__0SDH_20240524T213606_20240524T213631_054018_069139_241A.zip
2025-06-05 22:47:08,260 - INFO - Successfully extracted ../../Data/SANPAOLO/S1A_S3_RAW__0SDH_20240524T213606_20240524T213631_054018_069139_241A.zip to /Data_large/marine/PythonProjects/SAR/sarpyx/extracted_data/SANPAOLO
2025-06-05 22:47:08,260 - INFO - Processing 33/44: SANPAOLO - S1A_S3_RAW__0SDH_20240430T213606_20240430T213631_053668_0684A3_8760.zip
2025-06-05 22:47:27,984 - INFO - Successfully extracted ../../Data/SANPAOLO/S1A_S3_RAW__0SDH_20240430T213606_20240430T213631_053668_0684A3_8760.zip to /Data_large/marine/PythonProjects/SAR/sarpyx/extracted_data/SANPAOLO
2025-06-05 22:47:27,985 - INFO - Processing 33/44: SANPAOLO - Searched_products.xlsx
2025-06-05 22:47:27,985 - INFO - Finished processing SANPAOLO
2025-06-05 22:47:27,985 - INFO - Processing 34/44: HAVANA - S1A_S2_RAW__0SDV_20150413T231900_20150413T231930_005472_006FC6_6C34.zip
2025-06-05 22:48:08,647 - INFO - Successfully extracted ../../Data/HAVANA/S1A_S2_RAW__0SDV_20150413T231900_20150413T231930_005472_006FC6_6C34.zip to /Data_large/marine/PythonProjects/SAR/sarpyx/extracted_data/HAVANA
2025-06-05 22:48:08,647 - INFO - Processing 34/44: HAVANA - S1A_S1_RAW__0SDV_20150308T231904_20150308T231925_004947_0062F7_7383.zip
2025-06-05 22:48:45,002 - INFO - Successfully extracted ../../Data/HAVANA/S1A_S1_RAW__0SDV_20150308T231904_20150308T231925_004947_0062F7_7383.zip to /Data_large/marine/PythonProjects/SAR/sarpyx/extracted_data/HAVANA
2025-06-05 22:48:45,003 - INFO - Processing 34/44: HAVANA - S1A_S2_RAW__0SDV_20141215T112626_20141215T112658_003729_004706_296D.zip
2025-06-05 22:49:30,832 - INFO - Successfully extracted ../../Data/HAVANA/S1A_S2_RAW__0SDV_20141215T112626_20141215T112658_003729_004706_296D.zip to /Data_large/marine/PythonProjects/SAR/sarpyx/extracted_data/HAVANA
2025-06-05 22:49:30,832 - INFO - Processing 34/44: HAVANA - Searched_products.xlsx
2025-06-05 22:49:30,832 - INFO - Finished processing HAVANA
2025-06-05 22:49:30,832 - INFO - Processing 35/44: NORTHSEA - S1A_S1_RAW__0SDV_20150407T062909_20150407T062939_005374_006D27_53AA.zip
2025-06-05 22:50:22,560 - INFO - Successfully extracted ../../Data/NORTHSEA/S1A_S1_RAW__0SDV_20150407T062909_20150407T062939_005374_006D27_53AA.zip to /Data_large/marine/PythonProjects/SAR/sarpyx/extracted_data/NORTHSEA
2025-06-05 22:50:22,560 - INFO - Processing 35/44: NORTHSEA - S1A_S1_RAW__0SDV_20150415T070119_20150415T070134_005491_00702B_D031.zip
2025-06-05 22:50:45,273 - INFO - Successfully extracted ../../Data/NORTHSEA/S1A_S1_RAW__0SDV_20150415T070119_20150415T070134_005491_00702B_D031.zip to /Data_large/marine/PythonProjects/SAR/sarpyx/extracted_data/NORTHSEA
2025-06-05 22:50:45,273 - INFO - Processing 35/44: NORTHSEA - Searched_products.xlsx
2025-06-05 22:50:45,273 - INFO - Processing 35/44: NORTHSEA - S1A_S1_RAW__0SDV_20150412T063630_20150412T063645_005447_006F12_B95D.zip
2025-06-05 22:51:12,123 - INFO - Successfully extracted ../../Data/NORTHSEA/S1A_S1_RAW__0SDV_20150412T063630_20150412T063645_005447_006F12_B95D.zip to /Data_large/marine/PythonProjects/SAR/sarpyx/extracted_data/NORTHSEA
2025-06-05 22:51:12,123 - INFO - Finished processing NORTHSEA
2025-06-05 22:51:12,123 - INFO - Processing 36/44: AMSTERDAM - S1A_S1_RAW__0SDH_20160803T170832_20160803T170907_012439_0136C7_6C4C.zip
2025-06-05 22:52:05,929 - INFO - Successfully extracted ../../Data/AMSTERDAM/S1A_S1_RAW__0SDH_20160803T170832_20160803T170907_012439_0136C7_6C4C.zip to /Data_large/marine/PythonProjects/SAR/sarpyx/extracted_data/AMSTERDAM
2025-06-05 22:52:05,929 - INFO - Processing 36/44: AMSTERDAM - S1A_S1_RAW__0SDV_20160827T170808_20160827T170840_012789_014271_FCDE.zip
2025-06-05 22:52:55,631 - INFO - Successfully extracted ../../Data/AMSTERDAM/S1A_S1_RAW__0SDV_20160827T170808_20160827T170840_012789_014271_FCDE.zip to /Data_large/marine/PythonProjects/SAR/sarpyx/extracted_data/AMSTERDAM
2025-06-05 22:52:55,631 - INFO - Processing 36/44: AMSTERDAM - S1A_S1_RAW__0SDV_20160827T170833_20160827T170908_012789_014271_842B.zip
2025-06-05 22:53:51,316 - INFO - Successfully extracted ../../Data/AMSTERDAM/S1A_S1_RAW__0SDV_20160827T170833_20160827T170908_012789_014271_842B.zip to /Data_large/marine/PythonProjects/SAR/sarpyx/extracted_data/AMSTERDAM
2025-06-05 22:53:51,317 - INFO - Processing 36/44: AMSTERDAM - Searched_products.xlsx
2025-06-05 22:53:51,317 - INFO - Finished processing AMSTERDAM
2025-06-05 22:53:51,317 - INFO - Processing 37/44: GENOA - S1A_S1_RAW__0SDV_20150107T054312_20150107T054337_004061_004E74_020B.zip
2025-06-05 22:54:11,479 - INFO - Successfully extracted ../../Data/GENOA/S1A_S1_RAW__0SDV_20150107T054312_20150107T054337_004061_004E74_020B.zip to /Data_large/marine/PythonProjects/SAR/sarpyx/extracted_data/GENOA
2025-06-05 22:54:11,479 - INFO - Processing 37/44: GENOA - S1A_S1_RAW__0SDV_20150131T054311_20150131T054337_004411_005641_E4C7.zip
2025-06-05 22:54:51,207 - INFO - Successfully extracted ../../Data/GENOA/S1A_S1_RAW__0SDV_20150131T054311_20150131T054337_004411_005641_E4C7.zip to /Data_large/marine/PythonProjects/SAR/sarpyx/extracted_data/GENOA
2025-06-05 22:54:51,207 - INFO - Processing 37/44: GENOA - S1A_S1_RAW__0SDV_20150308T054311_20150308T054337_004936_0062B2_17A0.zip
2025-06-05 22:55:31,796 - INFO - Successfully extracted ../../Data/GENOA/S1A_S1_RAW__0SDV_20150308T054311_20150308T054337_004936_0062B2_17A0.zip to /Data_large/marine/PythonProjects/SAR/sarpyx/extracted_data/GENOA
2025-06-05 22:55:31,796 - INFO - Processing 37/44: GENOA - Searched_products.xlsx
2025-06-05 22:55:31,796 - INFO - Finished processing GENOA
2025-06-05 22:55:31,796 - INFO - Processing 38/44: DAKHLA - S1B_S3_RAW__0SSV_20211208T190343_20211208T190404_029938_0392F2_E2F1.zip
2025-06-05 22:55:46,199 - INFO - Successfully extracted ../../Data/DAKHLA/S1B_S3_RAW__0SSV_20211208T190343_20211208T190404_029938_0392F2_E2F1.zip to /Data_large/marine/PythonProjects/SAR/sarpyx/extracted_data/DAKHLA
2025-06-05 22:55:46,199 - INFO - Processing 38/44: DAKHLA - S1B_S3_RAW__0SSV_20211220T190343_20211220T190403_030113_03987E_3D6B.zip
2025-06-05 22:55:59,867 - INFO - Successfully extracted ../../Data/DAKHLA/S1B_S3_RAW__0SSV_20211220T190343_20211220T190403_030113_03987E_3D6B.zip to /Data_large/marine/PythonProjects/SAR/sarpyx/extracted_data/DAKHLA
2025-06-05 22:55:59,867 - INFO - Processing 38/44: DAKHLA - S1B_S3_RAW__0SSV_20211216T070323_20211216T070355_030047_03966A_6E43.zip
2025-06-05 22:56:22,638 - INFO - Successfully extracted ../../Data/DAKHLA/S1B_S3_RAW__0SSV_20211216T070323_20211216T070355_030047_03966A_6E43.zip to /Data_large/marine/PythonProjects/SAR/sarpyx/extracted_data/DAKHLA
2025-06-05 22:56:22,638 - INFO - Processing 38/44: DAKHLA - Searched_products.xlsx
2025-06-05 22:56:22,638 - INFO - Finished processing DAKHLA
2025-06-05 22:56:22,653 - INFO - Processing 39/44: MIAMI - S1A_S2_RAW__0SDV_20150413T231900_20150413T231930_005472_006FC6_6C34.zip
2025-06-05 22:57:03,449 - INFO - Successfully extracted ../../Data/MIAMI/S1A_S2_RAW__0SDV_20150413T231900_20150413T231930_005472_006FC6_6C34.zip to /Data_large/marine/PythonProjects/SAR/sarpyx/extracted_data/MIAMI
2025-06-05 22:57:03,449 - INFO - Processing 39/44: MIAMI - S1A_S1_RAW__0SDV_20150308T231904_20150308T231925_004947_0062F7_7383.zip
2025-06-05 22:57:40,280 - INFO - Successfully extracted ../../Data/MIAMI/S1A_S1_RAW__0SDV_20150308T231904_20150308T231925_004947_0062F7_7383.zip to /Data_large/marine/PythonProjects/SAR/sarpyx/extracted_data/MIAMI
2025-06-05 22:57:40,280 - INFO - Processing 39/44: MIAMI - S1A_S2_RAW__0SDV_20141215T112626_20141215T112658_003729_004706_296D.zip
2025-06-05 22:58:21,110 - INFO - Successfully extracted ../../Data/MIAMI/S1A_S2_RAW__0SDV_20141215T112626_20141215T112658_003729_004706_296D.zip to /Data_large/marine/PythonProjects/SAR/sarpyx/extracted_data/MIAMI
2025-06-05 22:58:21,110 - INFO - Processing 39/44: MIAMI - Searched_products.xlsx
2025-06-05 22:58:21,110 - INFO - Finished processing MIAMI
2025-06-05 22:58:21,123 - INFO - Processing 40/44: PORTBLAIR - S1A_S1_RAW__0SDV_20230314T114540_20230314T114550_047640_05B8BD_CEC7.zip
2025-06-05 22:58:28,691 - INFO - Successfully extracted ../../Data/PORTBLAIR/S1A_S1_RAW__0SDV_20230314T114540_20230314T114550_047640_05B8BD_CEC7.zip to /Data_large/marine/PythonProjects/SAR/sarpyx/extracted_data/PORTBLAIR
2025-06-05 22:58:28,691 - INFO - Processing 40/44: PORTBLAIR - S1A_S1_RAW__0SDV_20230326T114538_20230326T114548_047815_05BEA2_36D7.zip
2025-06-05 22:58:36,508 - INFO - Successfully extracted ../../Data/PORTBLAIR/S1A_S1_RAW__0SDV_20230326T114538_20230326T114548_047815_05BEA2_36D7.zip to /Data_large/marine/PythonProjects/SAR/sarpyx/extracted_data/PORTBLAIR
2025-06-05 22:58:36,508 - INFO - Processing 40/44: PORTBLAIR - Searched_products.xlsx
2025-06-05 22:58:36,508 - INFO - Processing 40/44: PORTBLAIR - S1A_S1_RAW__0SDV_20231028T114549_20231028T114600_050965_0624E5_FE04.zip
2025-06-05 22:58:44,635 - INFO - Successfully extracted ../../Data/PORTBLAIR/S1A_S1_RAW__0SDV_20231028T114549_20231028T114600_050965_0624E5_FE04.zip to /Data_large/marine/PythonProjects/SAR/sarpyx/extracted_data/PORTBLAIR
2025-06-05 22:58:44,635 - INFO - Finished processing PORTBLAIR
2025-06-05 22:58:44,653 - INFO - Processing 41/44: CIGNECTOBAY - S1A_S1_RAW__0SDH_20150129T220218_20150129T220249_004392_0055CE_6D7C.zip
2025-06-05 22:59:09,762 - INFO - Successfully extracted ../../Data/CIGNECTOBAY/S1A_S1_RAW__0SDH_20150129T220218_20150129T220249_004392_0055CE_6D7C.zip to /Data_large/marine/PythonProjects/SAR/sarpyx/extracted_data/CIGNECTOBAY
2025-06-05 22:59:09,763 - INFO - Processing 41/44: CIGNECTOBAY - S1A_S1_RAW__0SDV_20150423T220219_20150423T220250_005617_00731B_F542.zip
2025-06-05 22:59:57,507 - INFO - Successfully extracted ../../Data/CIGNECTOBAY/S1A_S1_RAW__0SDV_20150423T220219_20150423T220250_005617_00731B_F542.zip to /Data_large/marine/PythonProjects/SAR/sarpyx/extracted_data/CIGNECTOBAY
2025-06-05 22:59:57,507 - INFO - Processing 41/44: CIGNECTOBAY - S1A_S1_RAW__0SDV_20150330T220218_20150330T220249_005267_006A81_847E.zip
2025-06-05 23:00:43,980 - INFO - Successfully extracted ../../Data/CIGNECTOBAY/S1A_S1_RAW__0SDV_20150330T220218_20150330T220249_005267_006A81_847E.zip to /Data_large/marine/PythonProjects/SAR/sarpyx/extracted_data/CIGNECTOBAY
2025-06-05 23:00:43,980 - INFO - Processing 41/44: CIGNECTOBAY - Searched_products.xlsx
2025-06-05 23:00:43,980 - INFO - Finished processing CIGNECTOBAY
2025-06-05 23:00:44,012 - INFO - Processing 42/44: MAINE - S1A_S1_RAW__0SDV_20150423T220219_20150423T220250_005617_00731B_F542.zip
2025-06-05 23:01:29,945 - INFO - Successfully extracted ../../Data/MAINE/S1A_S1_RAW__0SDV_20150423T220219_20150423T220250_005617_00731B_F542.zip to /Data_large/marine/PythonProjects/SAR/sarpyx/extracted_data/MAINE
2025-06-05 23:01:29,945 - INFO - Processing 42/44: MAINE - S1A_S1_RAW__0SDV_20150423T105654_20150423T105720_005610_0072F4_2092.zip
2025-06-05 23:02:11,466 - INFO - Successfully extracted ../../Data/MAINE/S1A_S1_RAW__0SDV_20150423T105654_20150423T105720_005610_0072F4_2092.zip to /Data_large/marine/PythonProjects/SAR/sarpyx/extracted_data/MAINE
2025-06-05 23:02:11,466 - INFO - Processing 42/44: MAINE - S1A_S1_RAW__0SDV_20150423T220154_20150423T220227_005617_00731B_1572.zip
2025-06-05 23:03:02,266 - INFO - Successfully extracted ../../Data/MAINE/S1A_S1_RAW__0SDV_20150423T220154_20150423T220227_005617_00731B_1572.zip to /Data_large/marine/PythonProjects/SAR/sarpyx/extracted_data/MAINE
2025-06-05 23:03:02,266 - INFO - Processing 42/44: MAINE - Searched_products.xlsx
2025-06-05 23:03:02,266 - INFO - Finished processing MAINE
2025-06-05 23:03:02,283 - INFO - Processing 43/44: SEYCHELLES - S1A_S1_RAW__0SDV_20240511T020729_20240511T020755_053817_068A4A_E01C.zip
2025-06-05 23:03:25,837 - INFO - Successfully extracted ../../Data/SEYCHELLES/S1A_S1_RAW__0SDV_20240511T020729_20240511T020755_053817_068A4A_E01C.zip to /Data_large/marine/PythonProjects/SAR/sarpyx/extracted_data/SEYCHELLES
2025-06-05 23:03:25,837 - INFO - Processing 43/44: SEYCHELLES - S1A_S1_RAW__0SDV_20240429T020729_20240429T020754_053642_0683A3_1D75.zip
2025-06-05 23:03:49,601 - INFO - Successfully extracted ../../Data/SEYCHELLES/S1A_S1_RAW__0SDV_20240429T020729_20240429T020754_053642_0683A3_1D75.zip to /Data_large/marine/PythonProjects/SAR/sarpyx/extracted_data/SEYCHELLES
2025-06-05 23:03:49,602 - INFO - Processing 43/44: SEYCHELLES - S1A_S1_RAW__0SDV_20240523T020728_20240523T020754_053992_069051_3388.zip
2025-06-05 23:04:11,659 - INFO - Successfully extracted ../../Data/SEYCHELLES/S1A_S1_RAW__0SDV_20240523T020728_20240523T020754_053992_069051_3388.zip to /Data_large/marine/PythonProjects/SAR/sarpyx/extracted_data/SEYCHELLES
2025-06-05 23:04:11,659 - INFO - Processing 43/44: SEYCHELLES - Searched_products.xlsx
2025-06-05 23:04:11,659 - INFO - Finished processing SEYCHELLES
2025-06-05 23:04:11,672 - INFO - Processing 44/44: CALIFORNIA - S1A_S1_RAW__0SDV_20180728T014230_20180728T014302_022988_027EB4_51DA.zip
2025-06-05 23:04:59,096 - INFO - Successfully extracted ../../Data/CALIFORNIA/S1A_S1_RAW__0SDV_20180728T014230_20180728T014302_022988_027EB4_51DA.zip to /Data_large/marine/PythonProjects/SAR/sarpyx/extracted_data/CALIFORNIA
2025-06-05 23:04:59,096 - INFO - Processing 44/44: CALIFORNIA - S1A_S1_RAW__0SDV_20180728T014255_20180728T014310_022988_027EB4_82C1.zip
2025-06-05 23:05:24,231 - INFO - Successfully extracted ../../Data/CALIFORNIA/S1A_S1_RAW__0SDV_20180728T014255_20180728T014310_022988_027EB4_82C1.zip to /Data_large/marine/PythonProjects/SAR/sarpyx/extracted_data/CALIFORNIA
2025-06-05 23:05:24,231 - INFO - Processing 44/44: CALIFORNIA - S1A_S1_RAW__0SDV_20180728T014205_20180728T014237_022988_027EB4_ACC6.zip
2025-06-05 23:06:14,945 - INFO - Successfully extracted ../../Data/CALIFORNIA/S1A_S1_RAW__0SDV_20180728T014205_20180728T014237_022988_027EB4_ACC6.zip to /Data_large/marine/PythonProjects/SAR/sarpyx/extracted_data/CALIFORNIA
2025-06-05 23:06:14,945 - INFO - Processing 44/44: CALIFORNIA - Searched_products.xlsx
2025-06-05 23:06:14,946 - INFO - Finished processing CALIFORNIA
2025-06-05 23:06:14,946 - INFO - All files processed.
