
ERROR - Wed Jun 18 16:04:47 UTC 2025
File: /Data_large/marine/PythonProjects/SAR/sarpyx/decoded_data/s1a-s1-raw-s-vh-20141214t162845-20141214t162910-003717-0046b3_burst_0.zarr
Exit code: 1
Command: pdm run /Data_large/marine/PythonProjects/SAR/sarpyx/pyscripts/focusing.py /Data_large/marine/PythonProjects/SAR/sarpyx/decoded_data/s1a-s1-raw-s-vh-20141214t162845-20141214t162910-003717-0046b3_burst_0.zarr
---

ERROR - Wed Jun 18 16:15:28 UTC 2025
File: /Data_large/marine/PythonProjects/SAR/sarpyx/decoded_data/s1a-s1-raw-s-vh-20141214t162845-20141214t162910-003717-0046b3_burst_0.zarr
Exit code: 1
Command: pdm run /Data_large/marine/PythonProjects/SAR/sarpyx/pyscripts/focusing.py /Data_large/marine/PythonProjects/SAR/sarpyx/decoded_data/s1a-s1-raw-s-vh-20141214t162845-20141214t162910-003717-0046b3_burst_0.zarr
---

ERROR - Wed Jun 18 19:49:27 UTC 2025
File: /Data_large/marine/PythonProjects/SAR/sarpyx/decoded_data/s1a-s3-raw-s-hv-20160823t174042-20160823t174107-012731-014081_burst_0.zarr
Exit code: 1
Command: pdm run /Data_large/marine/PythonProjects/SAR/sarpyx/pyscripts/focusing.py /Data_large/marine/PythonProjects/SAR/sarpyx/decoded_data/s1a-s3-raw-s-hv-20160823t174042-20160823t174107-012731-014081_burst_0.zarr
---

ERROR - Wed Jun 18 19:52:38 UTC 2025
File: /Data_large/marine/PythonProjects/SAR/sarpyx/decoded_data/s1a-s3-raw-s-hv-20160823t174042-20160823t174107-012731-014081_burst_0.zarr
Exit code: 1
Command: pdm run /Data_large/marine/PythonProjects/SAR/sarpyx/pyscripts/focusing.py /Data_large/marine/PythonProjects/SAR/sarpyx/decoded_data/s1a-s3-raw-s-hv-20160823t174042-20160823t174107-012731-014081_burst_0.zarr
---

ERROR - Wed Jun 18 21:34:38 UTC 2025
File: /Data_large/marine/PythonProjects/SAR/sarpyx/decoded_data/s1a-s3-raw-s-hv-20160823t174042-20160823t174107-012731-014081_burst_0.zarr
Exit code: 1
Command: pdm run /Data_large/marine/PythonProjects/SAR/sarpyx/pyscripts/focusing.py /Data_large/marine/PythonProjects/SAR/sarpyx/decoded_data/s1a-s3-raw-s-hv-20160823t174042-20160823t174107-012731-014081_burst_0.zarr
---

ERROR - Wed Jun 18 21:37:50 UTC 2025
File: /Data_large/marine/PythonProjects/SAR/sarpyx/decoded_data/s1a-s3-raw-s-hv-20160823t174042-20160823t174107-012731-014081_burst_0.zarr
Exit code: 1
Command: pdm run /Data_large/marine/PythonProjects/SAR/sarpyx/pyscripts/focusing.py /Data_large/marine/PythonProjects/SAR/sarpyx/decoded_data/s1a-s3-raw-s-hv-20160823t174042-20160823t174107-012731-014081_burst_0.zarr
---

ERROR - Wed Jun 18 21:41:57 UTC 2025
File: /Data_large/marine/PythonProjects/SAR/sarpyx/decoded_data/s1a-s3-raw-s-hv-20160823t174042-20160823t174107-012731-014081_burst_0.zarr
Exit code: 1
Command: pdm run /Data_large/marine/PythonProjects/SAR/sarpyx/pyscripts/focusing.py /Data_large/marine/PythonProjects/SAR/sarpyx/decoded_data/s1a-s3-raw-s-hv-20160823t174042-20160823t174107-012731-014081_burst_0.zarr
---

ERROR - Wed Jun 18 21:45:29 UTC 2025
File: /Data_large/marine/PythonProjects/SAR/sarpyx/decoded_data/s1a-s3-raw-s-hv-20160823t174042-20160823t174107-012731-014081_burst_0.zarr
Exit code: 1
Command: pdm run /Data_large/marine/PythonProjects/SAR/sarpyx/pyscripts/focusing.py /Data_large/marine/PythonProjects/SAR/sarpyx/decoded_data/s1a-s3-raw-s-hv-20160823t174042-20160823t174107-012731-014081_burst_0.zarr
---

ERROR - Wed Jun 18 21:56:45 UTC 2025
File: /Data_large/marine/PythonProjects/SAR/sarpyx/decoded_data/s1a-s3-raw-s-hv-20160823t174042-20160823t174107-012731-014081_burst_0.zarr
Exit code: 254
Command: pdm run /Data_large/marine/PythonProjects/SAR/sarpyx/pyscripts/focusing.py /Data_large/marine/PythonProjects/SAR/sarpyx/decoded_data/s1a-s3-raw-s-hv-20160823t174042-20160823t174107-012731-014081_burst_0.zarr
---

ERROR - Wed Jun 18 21:57:17 UTC 2025
File: /Data_large/marine/PythonProjects/SAR/sarpyx/decoded_data/s1a-s3-raw-s-hv-20160823t174042-20160823t174107-012731-014081_burst_0.zarr
Exit code: 254
Command: pdm run /Data_large/marine/PythonProjects/SAR/sarpyx/pyscripts/focusing.py /Data_large/marine/PythonProjects/SAR/sarpyx/decoded_data/s1a-s3-raw-s-hv-20160823t174042-20160823t174107-012731-014081_burst_0.zarr
---

ERROR - Wed Jun 18 22:03:04 UTC 2025
File: /Data_large/marine/PythonProjects/SAR/sarpyx/decoded_data/s1a-s3-raw-s-hv-20160823t174042-20160823t174107-012731-014081_burst_0.zarr
Exit code: 254
Command: pdm run /Data_large/marine/PythonProjects/SAR/sarpyx/pyscripts/focusing.py /Data_large/marine/PythonProjects/SAR/sarpyx/decoded_data/s1a-s3-raw-s-hv-20160823t174042-20160823t174107-012731-014081_burst_0.zarr
---

ERROR - Wed Jun 18 22:24:29 UTC 2025
File: /Data_large/marine/PythonProjects/SAR/sarpyx/decoded_data/s1a-s3-raw-s-hv-20160823t174042-20160823t174107-012731-014081_burst_0.zarr
Exit code: 254
Command: pdm run /Data_large/marine/PythonProjects/SAR/sarpyx/pyscripts/focusing.py /Data_large/marine/PythonProjects/SAR/sarpyx/decoded_data/s1a-s3-raw-s-hv-20160823t174042-20160823t174107-012731-014081_burst_0.zarr
---

ERROR - Wed Jun 18 22:32:11 UTC 2025
File: /Data_large/marine/PythonProjects/SAR/sarpyx/decoded_data/s1a-s3-raw-s-hv-20160823t174042-20160823t174107-012731-014081_burst_0.zarr
Exit code: 254
Command: pdm run /Data_large/marine/PythonProjects/SAR/sarpyx/pyscripts/focusing.py /Data_large/marine/PythonProjects/SAR/sarpyx/decoded_data/s1a-s3-raw-s-hv-20160823t174042-20160823t174107-012731-014081_burst_0.zarr
---

ERROR - Thu Jun 19 12:06:38 UTC 2025
File: /Data_large/marine/PythonProjects/SAR/sarpyx/decoded_data/s1a-s3-raw-s-hv-20160823t174042-20160823t174107-012731-014081_burst_0.zarr
Exit code: 1
Command: pdm run /Data_large/marine/PythonProjects/SAR/sarpyx/pyscripts/focusing.py /Data_large/marine/PythonProjects/SAR/sarpyx/decoded_data/s1a-s3-raw-s-hv-20160823t174042-20160823t174107-012731-014081_burst_0.zarr
---

ERROR - Thu Jun 19 12:37:14 UTC 2025
File: /Data_large/marine/PythonProjects/SAR/sarpyx/decoded_data/s1a-s3-raw-s-hv-20160823t174042-20160823t174107-012731-014081_burst_0.zarr
Exit code: 254
Command: pdm run /Data_large/marine/PythonProjects/SAR/sarpyx/pyscripts/focusing.py /Data_large/marine/PythonProjects/SAR/sarpyx/decoded_data/s1a-s3-raw-s-hv-20160823t174042-20160823t174107-012731-014081_burst_0.zarr
---

ERROR - Thu Jun 19 13:10:30 UTC 2025
File: /Data_large/marine/PythonProjects/SAR/sarpyx/decoded_data/s1a-s3-raw-s-hv-20160823t174042-20160823t174107-012731-014081_burst_0.zarr
Exit code: 254
Command: pdm run /Data_large/marine/PythonProjects/SAR/sarpyx/pyscripts/focusing.py /Data_large/marine/PythonProjects/SAR/sarpyx/decoded_data/s1a-s3-raw-s-hv-20160823t174042-20160823t174107-012731-014081_burst_0.zarr
---

ERROR - Thu Jun 19 13:16:41 UTC 2025
File: /Data_large/marine/PythonProjects/SAR/sarpyx/decoded_data/s1a-s3-raw-s-hv-20160823t174042-20160823t174107-012731-014081_burst_0.zarr
Exit code: 254
Command: pdm run /Data_large/marine/PythonProjects/SAR/sarpyx/pyscripts/focusing.py /Data_large/marine/PythonProjects/SAR/sarpyx/decoded_data/s1a-s3-raw-s-hv-20160823t174042-20160823t174107-012731-014081_burst_0.zarr
---

ERROR - Thu Jun 19 13:29:26 UTC 2025
File: /Data_large/marine/PythonProjects/SAR/sarpyx/decoded_data/s1a-s3-raw-s-hv-20160823t174042-20160823t174107-012731-014081_burst_0.zarr
Exit code: 254
Command: pdm run /Data_large/marine/PythonProjects/SAR/sarpyx/pyscripts/focusing.py /Data_large/marine/PythonProjects/SAR/sarpyx/decoded_data/s1a-s3-raw-s-hv-20160823t174042-20160823t174107-012731-014081_burst_0.zarr
---

ERROR - Thu Jun 19 13:30:35 UTC 2025
File: /Data_large/marine/PythonProjects/SAR/sarpyx/decoded_data/s1a-s3-raw-s-hv-20160823t174042-20160823t174107-012731-014081_burst_0.zarr
Exit code: 254
Command: pdm run /Data_large/marine/PythonProjects/SAR/sarpyx/pyscripts/focusing.py /Data_large/marine/PythonProjects/SAR/sarpyx/decoded_data/s1a-s3-raw-s-hv-20160823t174042-20160823t174107-012731-014081_burst_0.zarr
---

ERROR - Thu Jun 19 13:33:11 UTC 2025
File: /Data_large/marine/PythonProjects/SAR/sarpyx/decoded_data/s1a-s3-raw-s-hv-20160823t174042-20160823t174107-012731-014081_burst_0.zarr
Exit code: 1
Command: pdm run /Data_large/marine/PythonProjects/SAR/sarpyx/pyscripts/focusing.py /Data_large/marine/PythonProjects/SAR/sarpyx/decoded_data/s1a-s3-raw-s-hv-20160823t174042-20160823t174107-012731-014081_burst_0.zarr
---

ERROR - Thu Jun 19 14:13:09 UTC 2025
File: /Data_large/marine/PythonProjects/SAR/sarpyx/decoded_data/s1a-s3-raw-s-hv-20160823t174042-20160823t174107-012731-014081_burst_0.zarr
Exit code: 1
Command: pdm run /Data_large/marine/PythonProjects/SAR/sarpyx/pyscripts/focusing.py /Data_large/marine/PythonProjects/SAR/sarpyx/decoded_data/s1a-s3-raw-s-hv-20160823t174042-20160823t174107-012731-014081_burst_0.zarr
---

ERROR - Thu Jun 19 14:16:53 UTC 2025
File: /Data_large/marine/PythonProjects/SAR/sarpyx/decoded_data/s1a-s3-raw-s-hv-20160823t174042-20160823t174107-012731-014081_burst_0.zarr
Exit code: 1
Command: pdm run /Data_large/marine/PythonProjects/SAR/sarpyx/pyscripts/focusing.py /Data_large/marine/PythonProjects/SAR/sarpyx/decoded_data/s1a-s3-raw-s-hv-20160823t174042-20160823t174107-012731-014081_burst_0.zarr
---

ERROR - Thu Jun 19 14:18:16 UTC 2025
File: /Data_large/marine/PythonProjects/SAR/sarpyx/decoded_data/s1a-s3-raw-s-hv-20160823t174042-20160823t174107-012731-014081_burst_0.zarr
Exit code: 1
Command: pdm run /Data_large/marine/PythonProjects/SAR/sarpyx/pyscripts/focusing.py /Data_large/marine/PythonProjects/SAR/sarpyx/decoded_data/s1a-s3-raw-s-hv-20160823t174042-20160823t174107-012731-014081_burst_0.zarr
---

ERROR - Fri Jun 20 08:05:12 UTC 2025
File: /Data_large/marine/PythonProjects/SAR/sarpyx/decoded_data/s1a-s1-raw-s-vh-20141214t162845-20141214t162910-003717-0046b3_burst_0.zarr
Exit code: 1
Command: pdm run /Data_large/marine/PythonProjects/SAR/sarpyx/pyscripts/focusing.py /Data_large/marine/PythonProjects/SAR/sarpyx/decoded_data/s1a-s1-raw-s-vh-20141214t162845-20141214t162910-003717-0046b3_burst_0.zarr
---

ERROR - Fri Jun 20 08:07:14 UTC 2025
File: /Data_large/marine/PythonProjects/SAR/sarpyx/decoded_data/s1a-s1-raw-s-vh-20141214t162845-20141214t162910-003717-0046b3_burst_0.zarr
Exit code: 1
Command: pdm run /Data_large/marine/PythonProjects/SAR/sarpyx/pyscripts/focusing.py /Data_large/marine/PythonProjects/SAR/sarpyx/decoded_data/s1a-s1-raw-s-vh-20141214t162845-20141214t162910-003717-0046b3_burst_0.zarr
---

ERROR - Fri Jun 20 08:08:10 UTC 2025
File: /Data_large/marine/PythonProjects/SAR/sarpyx/decoded_data/s1a-s1-raw-s-vh-20141214t162845-20141214t162910-003717-0046b3_burst_0.zarr
Exit code: 1
Command: pdm run /Data_large/marine/PythonProjects/SAR/sarpyx/pyscripts/focusing.py /Data_large/marine/PythonProjects/SAR/sarpyx/decoded_data/s1a-s1-raw-s-vh-20141214t162845-20141214t162910-003717-0046b3_burst_0.zarr
---

ERROR - Fri Jun 20 08:09:01 UTC 2025
File: /Data_large/marine/PythonProjects/SAR/sarpyx/decoded_data/s1a-s1-raw-s-vh-20141214t162845-20141214t162910-003717-0046b3_burst_0.zarr
Exit code: 1
Command: pdm run /Data_large/marine/PythonProjects/SAR/sarpyx/pyscripts/focusing.py /Data_large/marine/PythonProjects/SAR/sarpyx/decoded_data/s1a-s1-raw-s-vh-20141214t162845-20141214t162910-003717-0046b3_burst_0.zarr
---

ERROR - Fri Jun 20 08:23:24 UTC 2025
File: /Data_large/marine/PythonProjects/SAR/sarpyx/decoded_data/s1a-s1-raw-s-vh-20141214t162845-20141214t162910-003717-0046b3_burst_0.zarr
Exit code: 1
Command: pdm run /Data_large/marine/PythonProjects/SAR/sarpyx/pyscripts/focusing.py /Data_large/marine/PythonProjects/SAR/sarpyx/decoded_data/s1a-s1-raw-s-vh-20141214t162845-20141214t162910-003717-0046b3_burst_0.zarr
---

ERROR - Fri Jun 20 08:57:08 UTC 2025
File: /Data_large/marine/PythonProjects/SAR/sarpyx/decoded_data/s1a-s1-raw-s-vh-20141214t162845-20141214t162910-003717-0046b3_burst_0.zarr
Exit code: 1
Command: pdm run /Data_large/marine/PythonProjects/SAR/sarpyx/pyscripts/focusing.py /Data_large/marine/PythonProjects/SAR/sarpyx/decoded_data/s1a-s1-raw-s-vh-20141214t162845-20141214t162910-003717-0046b3_burst_0.zarr
---
